{"C:\\Users\\sief0\\Desktop\\2ING_2\\TestUnitaire\\Seance4\\queue.js": {"path":"C:\\Users\\sief0\\Desktop\\2ING_2\\TestUnitaire\\Seance4\\queue.js","statementMap":{"0":{"start":{"line":1,"column":0},"end":{"line":6,"column":2}},"1":{"start":{"line":2,"column":2},"end":{"line":4,"column":3}},"2":{"start":{"line":3,"column":4},"end":{"line":3,"column":54}},"3":{"start":{"line":5,"column":2},"end":{"line":5,"column":42}},"4":{"start":{"line":8,"column":0},"end":{"line":13,"column":2}},"5":{"start":{"line":9,"column":2},"end":{"line":11,"column":3}},"6":{"start":{"line":10,"column":4},"end":{"line":10,"column":61}},"7":{"start":{"line":12,"column":2},"end":{"line":12,"column":24}},"8":{"start":{"line":15,"column":0},"end":{"line":20,"column":2}},"9":{"start":{"line":16,"column":2},"end":{"line":18,"column":3}},"10":{"start":{"line":17,"column":4},"end":{"line":17,"column":61}},"11":{"start":{"line":19,"column":2},"end":{"line":19,"column":27}},"12":{"start":{"line":22,"column":0},"end":{"line":27,"column":2}},"13":{"start":{"line":23,"column":2},"end":{"line":25,"column":3}},"14":{"start":{"line":24,"column":4},"end":{"line":24,"column":61}},"15":{"start":{"line":26,"column":2},"end":{"line":26,"column":33}},"16":{"start":{"line":29,"column":0},"end":{"line":34,"column":2}},"17":{"start":{"line":30,"column":2},"end":{"line":32,"column":3}},"18":{"start":{"line":31,"column":4},"end":{"line":31,"column":61}},"19":{"start":{"line":33,"column":2},"end":{"line":33,"column":46}},"20":{"start":{"line":36,"column":0},"end":{"line":49,"column":2}},"21":{"start":{"line":37,"column":2},"end":{"line":39,"column":3}},"22":{"start":{"line":38,"column":4},"end":{"line":38,"column":54}},"23":{"start":{"line":40,"column":2},"end":{"line":42,"column":3}},"24":{"start":{"line":41,"column":4},"end":{"line":41,"column":61}},"25":{"start":{"line":43,"column":2},"end":{"line":48,"column":3}},"26":{"start":{"line":44,"column":4},"end":{"line":44,"column":29}},"27":{"start":{"line":45,"column":4},"end":{"line":45,"column":17}},"28":{"start":{"line":47,"column":4},"end":{"line":47,"column":41}},"29":{"start":{"line":51,"column":0},"end":{"line":61,"column":2}},"30":{"start":{"line":52,"column":2},"end":{"line":54,"column":3}},"31":{"start":{"line":53,"column":4},"end":{"line":53,"column":61}},"32":{"start":{"line":55,"column":2},"end":{"line":60,"column":3}},"33":{"start":{"line":56,"column":4},"end":{"line":56,"column":23}},"34":{"start":{"line":57,"column":4},"end":{"line":57,"column":17}},"35":{"start":{"line":59,"column":4},"end":{"line":59,"column":42}},"36":{"start":{"line":63,"column":0},"end":{"line":71,"column":2}}},"fnMap":{"0":{"name":"(anonymous_0)","decl":{"start":{"line":1,"column":7},"end":{"line":1,"column":8}},"loc":{"start":{"line":1,"column":21},"end":{"line":6,"column":1}},"line":1},"1":{"name":"(anonymous_1)","decl":{"start":{"line":8,"column":14},"end":{"line":8,"column":15}},"loc":{"start":{"line":8,"column":25},"end":{"line":13,"column":1}},"line":8},"2":{"name":"(anonymous_2)","decl":{"start":{"line":15,"column":10},"end":{"line":15,"column":11}},"loc":{"start":{"line":15,"column":21},"end":{"line":20,"column":1}},"line":15},"3":{"name":"(anonymous_3)","decl":{"start":{"line":22,"column":10},"end":{"line":22,"column":11}},"loc":{"start":{"line":22,"column":21},"end":{"line":27,"column":1}},"line":22},"4":{"name":"(anonymous_4)","decl":{"start":{"line":29,"column":9},"end":{"line":29,"column":10}},"loc":{"start":{"line":29,"column":20},"end":{"line":34,"column":1}},"line":29},"5":{"name":"(anonymous_5)","decl":{"start":{"line":36,"column":11},"end":{"line":36,"column":12}},"loc":{"start":{"line":36,"column":31},"end":{"line":49,"column":1}},"line":36},"6":{"name":"(anonymous_6)","decl":{"start":{"line":51,"column":14},"end":{"line":51,"column":15}},"loc":{"start":{"line":51,"column":25},"end":{"line":61,"column":1}},"line":51}},"branchMap":{"0":{"loc":{"start":{"line":2,"column":2},"end":{"line":4,"column":3}},"type":"if","locations":[{"start":{"line":2,"column":2},"end":{"line":4,"column":3}},{"start":{"line":2,"column":2},"end":{"line":4,"column":3}}],"line":2},"1":{"loc":{"start":{"line":9,"column":2},"end":{"line":11,"column":3}},"type":"if","locations":[{"start":{"line":9,"column":2},"end":{"line":11,"column":3}},{"start":{"line":9,"column":2},"end":{"line":11,"column":3}}],"line":9},"2":{"loc":{"start":{"line":9,"column":6},"end":{"line":9,"column":62}},"type":"binary-expr","locations":[{"start":{"line":9,"column":6},"end":{"line":9,"column":30}},{"start":{"line":9,"column":34},"end":{"line":9,"column":62}}],"line":9},"3":{"loc":{"start":{"line":16,"column":2},"end":{"line":18,"column":3}},"type":"if","locations":[{"start":{"line":16,"column":2},"end":{"line":18,"column":3}},{"start":{"line":16,"column":2},"end":{"line":18,"column":3}}],"line":16},"4":{"loc":{"start":{"line":16,"column":6},"end":{"line":16,"column":62}},"type":"binary-expr","locations":[{"start":{"line":16,"column":6},"end":{"line":16,"column":30}},{"start":{"line":16,"column":34},"end":{"line":16,"column":62}}],"line":16},"5":{"loc":{"start":{"line":23,"column":2},"end":{"line":25,"column":3}},"type":"if","locations":[{"start":{"line":23,"column":2},"end":{"line":25,"column":3}},{"start":{"line":23,"column":2},"end":{"line":25,"column":3}}],"line":23},"6":{"loc":{"start":{"line":23,"column":6},"end":{"line":23,"column":62}},"type":"binary-expr","locations":[{"start":{"line":23,"column":6},"end":{"line":23,"column":30}},{"start":{"line":23,"column":34},"end":{"line":23,"column":62}}],"line":23},"7":{"loc":{"start":{"line":30,"column":2},"end":{"line":32,"column":3}},"type":"if","locations":[{"start":{"line":30,"column":2},"end":{"line":32,"column":3}},{"start":{"line":30,"column":2},"end":{"line":32,"column":3}}],"line":30},"8":{"loc":{"start":{"line":30,"column":6},"end":{"line":30,"column":62}},"type":"binary-expr","locations":[{"start":{"line":30,"column":6},"end":{"line":30,"column":30}},{"start":{"line":30,"column":34},"end":{"line":30,"column":62}}],"line":30},"9":{"loc":{"start":{"line":37,"column":2},"end":{"line":39,"column":3}},"type":"if","locations":[{"start":{"line":37,"column":2},"end":{"line":39,"column":3}},{"start":{"line":37,"column":2},"end":{"line":39,"column":3}}],"line":37},"10":{"loc":{"start":{"line":40,"column":2},"end":{"line":42,"column":3}},"type":"if","locations":[{"start":{"line":40,"column":2},"end":{"line":42,"column":3}},{"start":{"line":40,"column":2},"end":{"line":42,"column":3}}],"line":40},"11":{"loc":{"start":{"line":40,"column":6},"end":{"line":40,"column":62}},"type":"binary-expr","locations":[{"start":{"line":40,"column":6},"end":{"line":40,"column":30}},{"start":{"line":40,"column":34},"end":{"line":40,"column":62}}],"line":40},"12":{"loc":{"start":{"line":43,"column":2},"end":{"line":48,"column":3}},"type":"if","locations":[{"start":{"line":43,"column":2},"end":{"line":48,"column":3}},{"start":{"line":43,"column":2},"end":{"line":48,"column":3}}],"line":43},"13":{"loc":{"start":{"line":52,"column":2},"end":{"line":54,"column":3}},"type":"if","locations":[{"start":{"line":52,"column":2},"end":{"line":54,"column":3}},{"start":{"line":52,"column":2},"end":{"line":54,"column":3}}],"line":52},"14":{"loc":{"start":{"line":52,"column":6},"end":{"line":52,"column":62}},"type":"binary-expr","locations":[{"start":{"line":52,"column":6},"end":{"line":52,"column":30}},{"start":{"line":52,"column":34},"end":{"line":52,"column":62}}],"line":52},"15":{"loc":{"start":{"line":55,"column":2},"end":{"line":60,"column":3}},"type":"if","locations":[{"start":{"line":55,"column":2},"end":{"line":60,"column":3}},{"start":{"line":55,"column":2},"end":{"line":60,"column":3}}],"line":55}},"s":{"0":1,"1":101,"2":1,"3":100,"4":1,"5":101,"6":1,"7":100,"8":1,"9":4,"10":1,"11":3,"12":1,"13":5,"14":1,"15":4,"16":1,"17":6,"18":1,"19":5,"20":1,"21":5,"22":1,"23":4,"24":1,"25":3,"26":2,"27":2,"28":1,"29":1,"30":3,"31":1,"32":2,"33":1,"34":1,"35":1,"36":1},"f":{"0":101,"1":101,"2":4,"3":5,"4":6,"5":5,"6":3},"b":{"0":[1,100],"1":[1,100],"2":[101,100],"3":[1,3],"4":[4,3],"5":[1,4],"6":[5,4],"7":[1,5],"8":[6,5],"9":[1,4],"10":[1,3],"11":[4,3],"12":[2,1],"13":[1,2],"14":[3,2],"15":[1,1]},"_coverageSchema":"1a1c01bbd47fc00a2c39e90264f33305004495a9","hash":"81137539565b2a1f5e5f99b0378fe82ec6c4b53c"}
}
