TN:
SF:queue.js
FN:1,(anonymous_0)
FN:8,(anonymous_1)
FN:15,(anonymous_2)
FN:22,(anonymous_3)
FN:29,(anonymous_4)
FN:36,(anonymous_5)
FN:51,(anonymous_6)
FNF:7
FNH:7
FNDA:101,(anonymous_0)
FNDA:101,(anonymous_1)
FNDA:4,(anonymous_2)
FNDA:5,(anonymous_3)
FNDA:6,(anonymous_4)
FNDA:5,(anonymous_5)
FNDA:3,(anonymous_6)
DA:1,1
DA:2,101
DA:3,1
DA:5,100
DA:8,1
DA:9,101
DA:10,1
DA:12,100
DA:15,1
DA:16,4
DA:17,1
DA:19,3
DA:22,1
DA:23,5
DA:24,1
DA:26,4
DA:29,1
DA:30,6
DA:31,1
DA:33,5
DA:36,1
DA:37,5
DA:38,1
DA:40,4
DA:41,1
DA:43,3
DA:44,2
DA:45,2
DA:47,1
DA:51,1
DA:52,3
DA:53,1
DA:55,2
DA:56,1
DA:57,1
DA:59,1
DA:63,1
LF:37
LH:37
BRDA:2,0,0,1
BRDA:2,0,1,100
BRDA:9,1,0,1
BRDA:9,1,1,100
BRDA:9,2,0,101
BRDA:9,2,1,100
BRDA:16,3,0,1
BRDA:16,3,1,3
BRDA:16,4,0,4
BRDA:16,4,1,3
BRDA:23,5,0,1
BRDA:23,5,1,4
BRDA:23,6,0,5
BRDA:23,6,1,4
BRDA:30,7,0,1
BRDA:30,7,1,5
BRDA:30,8,0,6
BRDA:30,8,1,5
BRDA:37,9,0,1
BRDA:37,9,1,4
BRDA:40,10,0,1
BRDA:40,10,1,3
BRDA:40,11,0,4
BRDA:40,11,1,3
BRDA:43,12,0,2
BRDA:43,12,1,1
BRDA:52,13,0,1
BRDA:52,13,1,2
BRDA:52,14,0,3
BRDA:52,14,1,2
BRDA:55,15,0,1
BRDA:55,15,1,1
BRF:32
BRH:32
end_of_record
